SF:addon/initializers/hook-component-reopener.js
DA:1,1
DA:5,1
DA:7,1
DA:9,1
DA:10,1
DA:12,1
DA:13,1
DA:18,1
DA:20,1
DA:22,1
DA:23,1
DA:25,1
DA:31,1
LF:13
LH:13
end_of_record
SF:addon/utils/return-when-testing.js
DA:1,1
DA:5,1
DA:7,1
DA:9,1
DA:12,6
DA:13,1
DA:17,5
DA:18,1
DA:21,4
DA:22,3
LF:10
LH:10
end_of_record
SF:addon/index.js
DA:1,1
DA:5,1
DA:9,1
DA:10,1
LF:4
LH:4
end_of_record
SF:addon/test-helpers/hook.js
DA:1,1
DA:5,1
DA:7,1
DA:8,1
DA:10,1
DA:11,3
DA:14,1
DA:15,2
LF:8
LH:8
end_of_record
SF:addon/helpers/hook.js
DA:1,1
DA:5,1
DA:7,5
DA:9,1
DA:11,1
DA:13,1
DA:15,1
DA:16,1
DA:18,1
DA:20,1
LF:10
LH:10
end_of_record