SF:addon/initializers/hook-component-reopener.js
DA:1,1
DA:5,1
DA:7,1
DA:9,1
DA:10,1
DA:11,1
DA:13,1
DA:14,1
DA:19,1
DA:20,1
DA:21,1
DA:23,1
DA:29,1
LF:13
LH:13
end_of_record
SF:addon/utils/return-when-testing.js
DA:1,1
DA:5,1
DA:7,1
DA:9,1
DA:10,4
DA:11,3
LF:6
LH:6
end_of_record
SF:addon/utils/get-app-config.js
DA:1,1
DA:5,1
DA:7,1
DA:9,1
DA:10,3
DA:11,216
DA:14,3
LF:7
LH:7
end_of_record
SF:addon/index.js
DA:1,1
DA:5,1
DA:9,1
DA:10,1
LF:4
LH:4
end_of_record
SF:addon/test-helpers/hook.js
DA:1,1
DA:5,1
DA:7,1
DA:8,1
DA:10,1
DA:11,3
DA:14,1
DA:15,2
LF:8
LH:8
end_of_record
SF:addon/helpers/hook.js
DA:1,1
DA:5,1
DA:7,5
DA:9,1
DA:11,1
DA:13,1
DA:15,1
DA:17,1
DA:19,1
LF:9
LH:9
end_of_record